[INFO] Scanning for projects...
[INFO] 
[INFO] ----------------< com.medical:medical-report-analyzer >-----------------
[INFO] Building MedicalReportAnalyzer 1.0.0
[INFO]   from pom.xml
[INFO] --------------------------------[ jar ]---------------------------------
[INFO] 
[INFO] >>> spring-boot:3.1.4:run (default-cli) > test-compile @ medical-report-analyzer >>>
[INFO] 
[INFO] --- resources:3.3.1:resources (default-resources) @ medical-report-analyzer ---
[INFO] Copying 1 resource from src/main/resources to target/classes
[INFO] Copying 0 resource from src/main/resources to target/classes
[INFO] 
[INFO] --- compiler:3.11.0:compile (default-compile) @ medical-report-analyzer ---
[INFO] Nothing to compile - all classes are up to date
[INFO] 
[INFO] --- resources:3.3.1:testResources (default-testResources) @ medical-report-analyzer ---
[INFO] skip non existing resourceDirectory /Users/amitkumar/Desktop/MedicalReportAnalyzer/src/test/resources
[INFO] 
[INFO] --- compiler:3.11.0:testCompile (default-testCompile) @ medical-report-analyzer ---
[INFO] No sources to compile
[INFO] 
[INFO] <<< spring-boot:3.1.4:run (default-cli) < test-compile @ medical-report-analyzer <<<
[INFO] 
[INFO] 
[INFO] --- spring-boot:3.1.4:run (default-cli) @ medical-report-analyzer ---
[INFO] Attaching agents: []
Standard Commons Logging discovery in action with spring-jcl: please remove commons-logging.jar from classpath in order to avoid potential conflicts

  .   ____          _            __ _ _
 /\\ / ___'_ __ _ _(_)_ __  __ _ \ \ \ \
( ( )\___ | '_ | '_| | '_ \/ _` | \ \ \ \
 \\/  ___)| |_)| | | | | || (_| |  ) ) ) )
  '  |____| .__|_| |_|_| |_\__, | / / / /
 =========|_|==============|___/=/_/_/_/
 :: Spring Boot ::                (v3.1.4)

2025-09-19T00:57:52.872+05:30  INFO 4686 --- [           main] c.m.a.MedicalReportAnalyzerApplication   : Starting MedicalReportAnalyzerApplication using Java 21.0.8 with PID 4686 (/Users/amitkumar/Desktop/MedicalReportAnalyzer/target/classes started by amitkumar in /Users/amitkumar/Desktop/MedicalReportAnalyzer)
2025-09-19T00:57:52.873+05:30  INFO 4686 --- [           main] c.m.a.MedicalReportAnalyzerApplication   : No active profile set, falling back to 1 default profile: "default"
2025-09-19T00:57:53.244+05:30  INFO 4686 --- [           main] o.s.b.w.embedded.tomcat.TomcatWebServer  : Tomcat initialized with port(s): 9090 (http)
2025-09-19T00:57:53.249+05:30  INFO 4686 --- [           main] o.apache.catalina.core.StandardService   : Starting service [Tomcat]
2025-09-19T00:57:53.249+05:30  INFO 4686 --- [           main] o.apache.catalina.core.StandardEngine    : Starting Servlet engine: [Apache Tomcat/10.1.13]
2025-09-19T00:57:53.289+05:30  INFO 4686 --- [           main] o.a.c.c.C.[Tomcat].[localhost].[/]       : Initializing Spring embedded WebApplicationContext
2025-09-19T00:57:53.290+05:30  INFO 4686 --- [           main] w.s.c.ServletWebServerApplicationContext : Root WebApplicationContext: initialization completed in 398 ms
Standard Commons Logging discovery in action with spring-jcl: please remove commons-logging.jar from classpath in order to avoid potential conflicts
2025-09-19T00:57:53.483+05:30  INFO 4686 --- [           main] o.s.b.w.embedded.tomcat.TomcatWebServer  : Tomcat started on port(s): 9090 (http) with context path ''
2025-09-19T00:57:53.486+05:30  INFO 4686 --- [           main] c.m.a.MedicalReportAnalyzerApplication   : Started MedicalReportAnalyzerApplication in 0.749 seconds (process running for 0.892)
